<?xml version="1.0" encoding="UTF-8"?>
<testsuite name="TicTacToeTest" tests="1" skipped="0" failures="1" errors="0" timestamp="2022-06-26T11:42:59" hostname="LAPTOP-84VESV58" time="4.491">
  <properties/>
  <testcase name="start" classname="TicTacToeTest" time="4.491">
    <failure message="java.lang.AssertionError: Wrong answer in test #182&#10;&#10;Expected not less than 2 grids in the output!&#10;Make sure you print the game grids in the correct format!&#10;&#10;Please find below the output of your program during this failed test.&#10;Note that the '&gt;' character indicates the beginning of the input line.&#10;&#10;---&#10;&#10;&gt; start user hard&#10;---------&#10;|       |&#10;|       |&#10;|       |&#10;---------&#10;Enter the coordinates:&#10;&gt; 1 1&#10;---------&#10;| X     |&#10;|       |&#10;|       |&#10;---------&#10;Enter the coordinates:" type="java.lang.AssertionError">java.lang.AssertionError: Wrong answer in test #182

Expected not less than 2 grids in the output!
Make sure you print the game grids in the correct format!

Please find below the output of your program during this failed test.
Note that the '&gt;' character indicates the beginning of the input line.

---

&gt; start user hard
---------
|       |
|       |
|       |
---------
Enter the coordinates:
&gt; 1 1
---------
| X     |
|       |
|       |
---------
Enter the coordinates:
	at org.junit.Assert.fail(Assert.java:88)
	at org.hyperskill.hstest.stage.StageTest.start(StageTest.java:155)
	at java.base/jdk.internal.reflect.NativeMethodAccessorImpl.invoke0(Native Method)
	at java.base/jdk.internal.reflect.NativeMethodAccessorImpl.invoke(NativeMethodAccessorImpl.java:77)
	at java.base/jdk.internal.reflect.DelegatingMethodAccessorImpl.invoke(DelegatingMethodAccessorImpl.java:43)
	at java.base/java.lang.reflect.Method.invoke(Method.java:568)
	at org.junit.runners.model.FrameworkMethod$1.runReflectiveCall(FrameworkMethod.java:50)
	at org.junit.internal.runners.model.ReflectiveCallable.run(ReflectiveCallable.java:12)
	at org.junit.runners.model.FrameworkMethod.invokeExplosively(FrameworkMethod.java:47)
	at org.junit.internal.runners.statements.InvokeMethod.evaluate(InvokeMethod.java:17)
	at org.junit.runners.ParentRunner.runLeaf(ParentRunner.java:325)
	at org.junit.runners.BlockJUnit4ClassRunner.runChild(BlockJUnit4ClassRunner.java:78)
	at org.junit.runners.BlockJUnit4ClassRunner.runChild(BlockJUnit4ClassRunner.java:57)
	at org.junit.runners.ParentRunner$3.run(ParentRunner.java:290)
	at org.junit.runners.ParentRunner$1.schedule(ParentRunner.java:71)
	at org.junit.runners.ParentRunner.runChildren(ParentRunner.java:288)
	at org.junit.runners.ParentRunner.access$000(ParentRunner.java:58)
	at org.junit.runners.ParentRunner$2.evaluate(ParentRunner.java:268)
	at org.junit.runners.ParentRunner.run(ParentRunner.java:363)
	at org.gradle.api.internal.tasks.testing.junit.JUnitTestClassExecutor.runTestClass(JUnitTestClassExecutor.java:110)
	at org.gradle.api.internal.tasks.testing.junit.JUnitTestClassExecutor.execute(JUnitTestClassExecutor.java:58)
	at org.gradle.api.internal.tasks.testing.junit.JUnitTestClassExecutor.execute(JUnitTestClassExecutor.java:38)
	at org.gradle.api.internal.tasks.testing.junit.AbstractJUnitTestClassProcessor.processTestClass(AbstractJUnitTestClassProcessor.java:62)
	at org.gradle.api.internal.tasks.testing.SuiteTestClassProcessor.processTestClass(SuiteTestClassProcessor.java:51)
	at java.base/jdk.internal.reflect.NativeMethodAccessorImpl.invoke0(Native Method)
	at java.base/jdk.internal.reflect.NativeMethodAccessorImpl.invoke(NativeMethodAccessorImpl.java:77)
	at java.base/jdk.internal.reflect.DelegatingMethodAccessorImpl.invoke(DelegatingMethodAccessorImpl.java:43)
	at java.base/java.lang.reflect.Method.invoke(Method.java:568)
	at org.gradle.internal.dispatch.ReflectionDispatch.dispatch(ReflectionDispatch.java:36)
	at org.gradle.internal.dispatch.ReflectionDispatch.dispatch(ReflectionDispatch.java:24)
	at org.gradle.internal.dispatch.ContextClassLoaderDispatch.dispatch(ContextClassLoaderDispatch.java:33)
	at org.gradle.internal.dispatch.ProxyDispatchAdapter$DispatchingInvocationHandler.invoke(ProxyDispatchAdapter.java:94)
	at jdk.proxy1/jdk.proxy1.$Proxy2.processTestClass(Unknown Source)
	at org.gradle.api.internal.tasks.testing.worker.TestWorker$2.run(TestWorker.java:176)
	at org.gradle.api.internal.tasks.testing.worker.TestWorker.executeAndMaintainThreadName(TestWorker.java:129)
	at org.gradle.api.internal.tasks.testing.worker.TestWorker.execute(TestWorker.java:100)
	at org.gradle.api.internal.tasks.testing.worker.TestWorker.execute(TestWorker.java:60)
	at org.gradle.process.internal.worker.child.ActionExecutionWorker.execute(ActionExecutionWorker.java:56)
	at org.gradle.process.internal.worker.child.SystemApplicationClassLoaderWorker.call(SystemApplicationClassLoaderWorker.java:133)
	at org.gradle.process.internal.worker.child.SystemApplicationClassLoaderWorker.call(SystemApplicationClassLoaderWorker.java:71)
	at worker.org.gradle.process.internal.worker.GradleWorkerMain.run(GradleWorkerMain.java:69)
	at worker.org.gradle.process.internal.worker.GradleWorkerMain.main(GradleWorkerMain.java:74)
</failure>
  </testcase>
  <system-out><![CDATA[?[1;31m
Start test 1?[0m
> start
Bad parameters!
> start easy
Bad parameters!
> exit
?[1;31m
Start test 2?[0m
> start user easy
---------
|       |
|       |
|       |
---------
Enter the coordinates:
> 2 2
---------
|       |
|   X   |
|       |
---------
Making move level "easy"
---------
|       |
|   X   |
| O     |
---------
Enter the coordinates:
> 1 1
---------
| X     |
|   X   |
| O     |
---------
Making move level "easy"
---------
| X O   |
|   X   |
| O     |
---------
Enter the coordinates:
> 3 3
---------
| X O   |
|   X   |
| O   X |
---------
X wins
?[1;31m
Start test 3?[0m
> start user easy
---------
|       |
|       |
|       |
---------
Enter the coordinates:
> 2 2
---------
|       |
|   X   |
|       |
---------
Making move level "easy"
---------
|     O |
|   X   |
|       |
---------
Enter the coordinates:
?[1;31m
Start test 4?[0m
> start user easy
---------
|       |
|       |
|       |
---------
Enter the coordinates:
> 2 2
---------
|       |
|   X   |
|       |
---------
Making move level "easy"
---------
|       |
|   X   |
| O     |
---------
Enter the coordinates:
?[1;31m
Start test 5?[0m
> start user easy
---------
|       |
|       |
|       |
---------
Enter the coordinates:
> 2 2
---------
|       |
|   X   |
|       |
---------
Making move level "easy"
---------
| O     |
|   X   |
|       |
---------
Enter the coordinates:
?[1;31m
Start test 6?[0m
> start user easy
---------
|       |
|       |
|       |
---------
Enter the coordinates:
> 2 2
---------
|       |
|   X   |
|       |
---------
Making move level "easy"
---------
|       |
|   X   |
|   O   |
---------
Enter the coordinates:
?[1;31m
Start test 7?[0m
> start user easy
---------
|       |
|       |
|       |
---------
Enter the coordinates:
> 2 2
---------
|       |
|   X   |
|       |
---------
Making move level "easy"
---------
|     O |
|   X   |
|       |
---------
Enter the coordinates:
?[1;31m
Start test 8?[0m
> start user easy
---------
|       |
|       |
|       |
---------
Enter the coordinates:
> 2 2
---------
|       |
|   X   |
|       |
---------
Making move level "easy"
---------
|   O   |
|   X   |
|       |
---------
Enter the coordinates:
?[1;31m
Start test 9?[0m
> start user easy
---------
|       |
|       |
|       |
---------
Enter the coordinates:
> 2 2
---------
|       |
|   X   |
|       |
---------
Making move level "easy"
---------
|       |
| O X   |
|       |
---------
Enter the coordinates:
?[1;31m
Start test 10?[0m
> start user easy
---------
|       |
|       |
|       |
---------
Enter the coordinates:
> 2 2
---------
|       |
|   X   |
|       |
---------
Making move level "easy"
---------
|       |
|   X O |
|       |
---------
Enter the coordinates:
?[1;31m
Start test 11?[0m
> start user easy
---------
|       |
|       |
|       |
---------
Enter the coordinates:
> 2 2
---------
|       |
|   X   |
|       |
---------
Making move level "easy"
---------
|       |
|   X   |
|     O |
---------
Enter the coordinates:
?[1;31m
Start test 12?[0m
> start user easy
---------
|       |
|       |
|       |
---------
Enter the coordinates:
> 2 2
---------
|       |
|   X   |
|       |
---------
Making move level "easy"
---------
|       |
|   X O |
|       |
---------
Enter the coordinates:
?[1;31m
Start test 13?[0m
> start user easy
---------
|       |
|       |
|       |
---------
Enter the coordinates:
> 2 2
---------
|       |
|   X   |
|       |
---------
Making move level "easy"
---------
|       |
|   X O |
|       |
---------
Enter the coordinates:
?[1;31m
Start test 14?[0m
> start user easy
---------
|       |
|       |
|       |
---------
Enter the coordinates:
> 2 2
---------
|       |
|   X   |
|       |
---------
Making move level "easy"
---------
|       |
|   X   |
| O     |
---------
Enter the coordinates:
?[1;31m
Start test 15?[0m
> start user easy
---------
|       |
|       |
|       |
---------
Enter the coordinates:
> 2 2
---------
|       |
|   X   |
|       |
---------
Making move level "easy"
---------
|       |
|   X   |
| O     |
---------
Enter the coordinates:
?[1;31m
Start test 16?[0m
> start user easy
---------
|       |
|       |
|       |
---------
Enter the coordinates:
> 2 2
---------
|       |
|   X   |
|       |
---------
Making move level "easy"
---------
|       |
|   X   |
|   O   |
---------
Enter the coordinates:
?[1;31m
Start test 17?[0m
> start user easy
---------
|       |
|       |
|       |
---------
Enter the coordinates:
> 2 2
---------
|       |
|   X   |
|       |
---------
Making move level "easy"
---------
| O     |
|   X   |
|       |
---------
Enter the coordinates:
?[1;31m
Start test 18?[0m
> start user easy
---------
|       |
|       |
|       |
---------
Enter the coordinates:
> 2 2
---------
|       |
|   X   |
|       |
---------
Making move level "easy"
---------
|       |
|   X   |
|   O   |
---------
Enter the coordinates:
?[1;31m
Start test 19?[0m
> start user easy
---------
|       |
|       |
|       |
---------
Enter the coordinates:
> 2 2
---------
|       |
|   X   |
|       |
---------
Making move level "easy"
---------
|     O |
|   X   |
|       |
---------
Enter the coordinates:
?[1;31m
Start test 20?[0m
> start user easy
---------
|       |
|       |
|       |
---------
Enter the coordinates:
> 2 2
---------
|       |
|   X   |
|       |
---------
Making move level "easy"
---------
| O     |
|   X   |
|       |
---------
Enter the coordinates:
?[1;31m
Start test 21?[0m
> start user easy
---------
|       |
|       |
|       |
---------
Enter the coordinates:
> 2 2
---------
|       |
|   X   |
|       |
---------
Making move level "easy"
---------
| O     |
|   X   |
|       |
---------
Enter the coordinates:
?[1;31m
Start test 22?[0m
> start user easy
---------
|       |
|       |
|       |
---------
Enter the coordinates:
> 2 2
---------
|       |
|   X   |
|       |
---------
Making move level "easy"
---------
|       |
|   X O |
|       |
---------
Enter the coordinates:
?[1;31m
Start test 23?[0m
> start user easy
---------
|       |
|       |
|       |
---------
Enter the coordinates:
> 2 2
---------
|       |
|   X   |
|       |
---------
Making move level "easy"
---------
|     O |
|   X   |
|       |
---------
Enter the coordinates:
?[1;31m
Start test 24?[0m
> start user easy
---------
|       |
|       |
|       |
---------
Enter the coordinates:
> 2 2
---------
|       |
|   X   |
|       |
---------
Making move level "easy"
---------
|       |
|   X   |
|     O |
---------
Enter the coordinates:
?[1;31m
Start test 25?[0m
> start user easy
---------
|       |
|       |
|       |
---------
Enter the coordinates:
> 2 2
---------
|       |
|   X   |
|       |
---------
Making move level "easy"
---------
| O     |
|   X   |
|       |
---------
Enter the coordinates:
?[1;31m
Start test 26?[0m
> start user easy
---------
|       |
|       |
|       |
---------
Enter the coordinates:
> 2 2
---------
|       |
|   X   |
|       |
---------
Making move level "easy"
---------
|   O   |
|   X   |
|       |
---------
Enter the coordinates:
?[1;31m
Start test 27?[0m
> start user easy
---------
|       |
|       |
|       |
---------
Enter the coordinates:
> 2 2
---------
|       |
|   X   |
|       |
---------
Making move level "easy"
---------
|   O   |
|   X   |
|       |
---------
Enter the coordinates:
?[1;31m
Start test 28?[0m
> start user easy
---------
|       |
|       |
|       |
---------
Enter the coordinates:
> 2 2
---------
|       |
|   X   |
|       |
---------
Making move level "easy"
---------
|       |
|   X   |
|   O   |
---------
Enter the coordinates:
?[1;31m
Start test 29?[0m
> start user easy
---------
|       |
|       |
|       |
---------
Enter the coordinates:
> 2 2
---------
|       |
|   X   |
|       |
---------
Making move level "easy"
---------
| O     |
|   X   |
|       |
---------
Enter the coordinates:
?[1;31m
Start test 30?[0m
> start user easy
---------
|       |
|       |
|       |
---------
Enter the coordinates:
> 2 2
---------
|       |
|   X   |
|       |
---------
Making move level "easy"
---------
|       |
|   X   |
| O     |
---------
Enter the coordinates:
?[1;31m
Start test 31?[0m
> start user easy
---------
|       |
|       |
|       |
---------
Enter the coordinates:
> 2 2
---------
|       |
|   X   |
|       |
---------
Making move level "easy"
---------
|       |
|   X   |
|     O |
---------
Enter the coordinates:
?[1;31m
Start test 32?[0m
> start user easy
---------
|       |
|       |
|       |
---------
Enter the coordinates:
> 2 2
---------
|       |
|   X   |
|       |
---------
Making move level "easy"
---------
|     O |
|   X   |
|       |
---------
Enter the coordinates:
?[1;31m
Start test 33?[0m
> start user easy
---------
|       |
|       |
|       |
---------
Enter the coordinates:
> 2 2
---------
|       |
|   X   |
|       |
---------
Making move level "easy"
---------
|       |
|   X   |
|     O |
---------
Enter the coordinates:
?[1;31m
Start test 34?[0m
> start user easy
---------
|       |
|       |
|       |
---------
Enter the coordinates:
> 2 2
---------
|       |
|   X   |
|       |
---------
Making move level "easy"
---------
|     O |
|   X   |
|       |
---------
Enter the coordinates:
?[1;31m
Start test 35?[0m
> start user easy
---------
|       |
|       |
|       |
---------
Enter the coordinates:
> 2 2
---------
|       |
|   X   |
|       |
---------
Making move level "easy"
---------
|       |
|   X   |
| O     |
---------
Enter the coordinates:
?[1;31m
Start test 36?[0m
> start user easy
---------
|       |
|       |
|       |
---------
Enter the coordinates:
> 2 2
---------
|       |
|   X   |
|       |
---------
Making move level "easy"
---------
|     O |
|   X   |
|       |
---------
Enter the coordinates:
?[1;31m
Start test 37?[0m
> start user easy
---------
|       |
|       |
|       |
---------
Enter the coordinates:
> 2 2
---------
|       |
|   X   |
|       |
---------
Making move level "easy"
---------
| O     |
|   X   |
|       |
---------
Enter the coordinates:
?[1;31m
Start test 38?[0m
> start user easy
---------
|       |
|       |
|       |
---------
Enter the coordinates:
> 2 2
---------
|       |
|   X   |
|       |
---------
Making move level "easy"
---------
| O     |
|   X   |
|       |
---------
Enter the coordinates:
?[1;31m
Start test 39?[0m
> start user easy
---------
|       |
|       |
|       |
---------
Enter the coordinates:
> 2 2
---------
|       |
|   X   |
|       |
---------
Making move level "easy"
---------
|     O |
|   X   |
|       |
---------
Enter the coordinates:
?[1;31m
Start test 40?[0m
> start user easy
---------
|       |
|       |
|       |
---------
Enter the coordinates:
> 2 2
---------
|       |
|   X   |
|       |
---------
Making move level "easy"
---------
|       |
|   X   |
| O     |
---------
Enter the coordinates:
?[1;31m
Start test 41?[0m
> start user easy
---------
|       |
|       |
|       |
---------
Enter the coordinates:
> 2 2
---------
|       |
|   X   |
|       |
---------
Making move level "easy"
---------
|   O   |
|   X   |
|       |
---------
Enter the coordinates:
?[1;31m
Start test 42?[0m
> start user easy
---------
|       |
|       |
|       |
---------
Enter the coordinates:
> 2 2
---------
|       |
|   X   |
|       |
---------
Making move level "easy"
---------
|     O |
|   X   |
|       |
---------
Enter the coordinates:
?[1;31m
Start test 43?[0m
> start user easy
---------
|       |
|       |
|       |
---------
Enter the coordinates:
> 2 2
---------
|       |
|   X   |
|       |
---------
Making move level "easy"
---------
|   O   |
|   X   |
|       |
---------
Enter the coordinates:
?[1;31m
Start test 44?[0m
> start user easy
---------
|       |
|       |
|       |
---------
Enter the coordinates:
> 2 2
---------
|       |
|   X   |
|       |
---------
Making move level "easy"
---------
| O     |
|   X   |
|       |
---------
Enter the coordinates:
?[1;31m
Start test 45?[0m
> start user easy
---------
|       |
|       |
|       |
---------
Enter the coordinates:
> 2 2
---------
|       |
|   X   |
|       |
---------
Making move level "easy"
---------
| O     |
|   X   |
|       |
---------
Enter the coordinates:
?[1;31m
Start test 46?[0m
> start user easy
---------
|       |
|       |
|       |
---------
Enter the coordinates:
> 2 2
---------
|       |
|   X   |
|       |
---------
Making move level "easy"
---------
|     O |
|   X   |
|       |
---------
Enter the coordinates:
?[1;31m
Start test 47?[0m
> start user easy
---------
|       |
|       |
|       |
---------
Enter the coordinates:
> 2 2
---------
|       |
|   X   |
|       |
---------
Making move level "easy"
---------
|     O |
|   X   |
|       |
---------
Enter the coordinates:
?[1;31m
Start test 48?[0m
> start user easy
---------
|       |
|       |
|       |
---------
Enter the coordinates:
> 2 2
---------
|       |
|   X   |
|       |
---------
Making move level "easy"
---------
|       |
|   X   |
|     O |
---------
Enter the coordinates:
?[1;31m
Start test 49?[0m
> start user easy
---------
|       |
|       |
|       |
---------
Enter the coordinates:
> 2 2
---------
|       |
|   X   |
|       |
---------
Making move level "easy"
---------
| O     |
|   X   |
|       |
---------
Enter the coordinates:
?[1;31m
Start test 50?[0m
> start user easy
---------
|       |
|       |
|       |
---------
Enter the coordinates:
> 2 2
---------
|       |
|   X   |
|       |
---------
Making move level "easy"
---------
|   O   |
|   X   |
|       |
---------
Enter the coordinates:
?[1;31m
Start test 51?[0m
> start user easy
---------
|       |
|       |
|       |
---------
Enter the coordinates:
> 2 2
---------
|       |
|   X   |
|       |
---------
Making move level "easy"
---------
|     O |
|   X   |
|       |
---------
Enter the coordinates:
?[1;31m
Start test 52?[0m
> start user easy
---------
|       |
|       |
|       |
---------
Enter the coordinates:
> 2 2
---------
|       |
|   X   |
|       |
---------
Making move level "easy"
---------
|     O |
|   X   |
|       |
---------
Enter the coordinates:
?[1;31m
Start test 53?[0m
> start user easy
---------
|       |
|       |
|       |
---------
Enter the coordinates:
> 2 2
---------
|       |
|   X   |
|       |
---------
Making move level "easy"
---------
| O     |
|   X   |
|       |
---------
Enter the coordinates:
?[1;31m
Start test 54?[0m
> start user easy
---------
|       |
|       |
|       |
---------
Enter the coordinates:
> 2 2
---------
|       |
|   X   |
|       |
---------
Making move level "easy"
---------
|       |
|   X   |
|     O |
---------
Enter the coordinates:
?[1;31m
Start test 55?[0m
> start user easy
---------
|       |
|       |
|       |
---------
Enter the coordinates:
> 2 2
---------
|       |
|   X   |
|       |
---------
Making move level "easy"
---------
|       |
| O X   |
|       |
---------
Enter the coordinates:
?[1;31m
Start test 56?[0m
> start user easy
---------
|       |
|       |
|       |
---------
Enter the coordinates:
> 2 2
---------
|       |
|   X   |
|       |
---------
Making move level "easy"
---------
| O     |
|   X   |
|       |
---------
Enter the coordinates:
?[1;31m
Start test 57?[0m
> start user easy
---------
|       |
|       |
|       |
---------
Enter the coordinates:
> 2 2
---------
|       |
|   X   |
|       |
---------
Making move level "easy"
---------
|       |
|   X   |
| O     |
---------
Enter the coordinates:
?[1;31m
Start test 58?[0m
> start user easy
---------
|       |
|       |
|       |
---------
Enter the coordinates:
> 2 2
---------
|       |
|   X   |
|       |
---------
Making move level "easy"
---------
| O     |
|   X   |
|       |
---------
Enter the coordinates:
?[1;31m
Start test 59?[0m
> start user easy
---------
|       |
|       |
|       |
---------
Enter the coordinates:
> 2 2
---------
|       |
|   X   |
|       |
---------
Making move level "easy"
---------
|   O   |
|   X   |
|       |
---------
Enter the coordinates:
?[1;31m
Start test 60?[0m
> start user easy
---------
|       |
|       |
|       |
---------
Enter the coordinates:
> 2 2
---------
|       |
|   X   |
|       |
---------
Making move level "easy"
---------
|       |
|   X   |
|     O |
---------
Enter the coordinates:
?[1;31m
Start test 61?[0m
> start user easy
---------
|       |
|       |
|       |
---------
Enter the coordinates:
> 2 2
---------
|       |
|   X   |
|       |
---------
Making move level "easy"
---------
|       |
| O X   |
|       |
---------
Enter the coordinates:
?[1;31m
Start test 62?[0m
> start user easy
---------
|       |
|       |
|       |
---------
Enter the coordinates:
> 2 2
---------
|       |
|   X   |
|       |
---------
Making move level "easy"
---------
| O     |
|   X   |
|       |
---------
Enter the coordinates:
?[1;31m
Start test 63?[0m
> start user easy
---------
|       |
|       |
|       |
---------
Enter the coordinates:
> 2 2
---------
|       |
|   X   |
|       |
---------
Making move level "easy"
---------
|       |
|   X   |
|   O   |
---------
Enter the coordinates:
?[1;31m
Start test 64?[0m
> start user easy
---------
|       |
|       |
|       |
---------
Enter the coordinates:
> 2 2
---------
|       |
|   X   |
|       |
---------
Making move level "easy"
---------
|       |
|   X   |
|   O   |
---------
Enter the coordinates:
?[1;31m
Start test 65?[0m
> start user easy
---------
|       |
|       |
|       |
---------
Enter the coordinates:
> 2 2
---------
|       |
|   X   |
|       |
---------
Making move level "easy"
---------
|       |
|   X   |
|   O   |
---------
Enter the coordinates:
?[1;31m
Start test 66?[0m
> start user easy
---------
|       |
|       |
|       |
---------
Enter the coordinates:
> 2 2
---------
|       |
|   X   |
|       |
---------
Making move level "easy"
---------
|   O   |
|   X   |
|       |
---------
Enter the coordinates:
?[1;31m
Start test 67?[0m
> start user easy
---------
|       |
|       |
|       |
---------
Enter the coordinates:
> 2 2
---------
|       |
|   X   |
|       |
---------
Making move level "easy"
---------
|   O   |
|   X   |
|       |
---------
Enter the coordinates:
?[1;31m
Start test 68?[0m
> start user easy
---------
|       |
|       |
|       |
---------
Enter the coordinates:
> 2 2
---------
|       |
|   X   |
|       |
---------
Making move level "easy"
---------
|       |
|   X   |
| O     |
---------
Enter the coordinates:
?[1;31m
Start test 69?[0m
> start user easy
---------
|       |
|       |
|       |
---------
Enter the coordinates:
> 2 2
---------
|       |
|   X   |
|       |
---------
Making move level "easy"
---------
|       |
| O X   |
|       |
---------
Enter the coordinates:
?[1;31m
Start test 70?[0m
> start user easy
---------
|       |
|       |
|       |
---------
Enter the coordinates:
> 2 2
---------
|       |
|   X   |
|       |
---------
Making move level "easy"
---------
|       |
|   X   |
| O     |
---------
Enter the coordinates:
?[1;31m
Start test 71?[0m
> start user easy
---------
|       |
|       |
|       |
---------
Enter the coordinates:
> 2 2
---------
|       |
|   X   |
|       |
---------
Making move level "easy"
---------
|       |
|   X O |
|       |
---------
Enter the coordinates:
?[1;31m
Start test 72?[0m
> start user easy
---------
|       |
|       |
|       |
---------
Enter the coordinates:
> 2 2
---------
|       |
|   X   |
|       |
---------
Making move level "easy"
---------
|       |
|   X   |
|     O |
---------
Enter the coordinates:
?[1;31m
Start test 73?[0m
> start user easy
---------
|       |
|       |
|       |
---------
Enter the coordinates:
> 2 2
---------
|       |
|   X   |
|       |
---------
Making move level "easy"
---------
|       |
|   X   |
|     O |
---------
Enter the coordinates:
?[1;31m
Start test 74?[0m
> start user easy
---------
|       |
|       |
|       |
---------
Enter the coordinates:
> 2 2
---------
|       |
|   X   |
|       |
---------
Making move level "easy"
---------
|   O   |
|   X   |
|       |
---------
Enter the coordinates:
?[1;31m
Start test 75?[0m
> start user easy
---------
|       |
|       |
|       |
---------
Enter the coordinates:
> 2 2
---------
|       |
|   X   |
|       |
---------
Making move level "easy"
---------
|       |
|   X   |
| O     |
---------
Enter the coordinates:
?[1;31m
Start test 76?[0m
> start user easy
---------
|       |
|       |
|       |
---------
Enter the coordinates:
> 2 2
---------
|       |
|   X   |
|       |
---------
Making move level "easy"
---------
|   O   |
|   X   |
|       |
---------
Enter the coordinates:
?[1;31m
Start test 77?[0m
> start user easy
---------
|       |
|       |
|       |
---------
Enter the coordinates:
> 2 2
---------
|       |
|   X   |
|       |
---------
Making move level "easy"
---------
|       |
|   X   |
|     O |
---------
Enter the coordinates:
?[1;31m
Start test 78?[0m
> start user easy
---------
|       |
|       |
|       |
---------
Enter the coordinates:
> 2 2
---------
|       |
|   X   |
|       |
---------
Making move level "easy"
---------
|       |
|   X   |
|   O   |
---------
Enter the coordinates:
?[1;31m
Start test 79?[0m
> start user easy
---------
|       |
|       |
|       |
---------
Enter the coordinates:
> 2 2
---------
|       |
|   X   |
|       |
---------
Making move level "easy"
---------
|       |
|   X   |
|   O   |
---------
Enter the coordinates:
?[1;31m
Start test 80?[0m
> start user easy
---------
|       |
|       |
|       |
---------
Enter the coordinates:
> 2 2
---------
|       |
|   X   |
|       |
---------
Making move level "easy"
---------
| O     |
|   X   |
|       |
---------
Enter the coordinates:
?[1;31m
Start test 81?[0m
> start user easy
---------
|       |
|       |
|       |
---------
Enter the coordinates:
> 2 2
---------
|       |
|   X   |
|       |
---------
Making move level "easy"
---------
|       |
|   X   |
|   O   |
---------
Enter the coordinates:
?[1;31m
Start test 82?[0m
> start user easy
---------
|       |
|       |
|       |
---------
Enter the coordinates:
> 2 2
---------
|       |
|   X   |
|       |
---------
Making move level "easy"
---------
|       |
|   X   |
|   O   |
---------
Enter the coordinates:
?[1;31m
Start test 83?[0m
> start user easy
---------
|       |
|       |
|       |
---------
Enter the coordinates:
> 2 2
---------
|       |
|   X   |
|       |
---------
Making move level "easy"
---------
|     O |
|   X   |
|       |
---------
Enter the coordinates:
?[1;31m
Start test 84?[0m
> start user easy
---------
|       |
|       |
|       |
---------
Enter the coordinates:
> 2 2
---------
|       |
|   X   |
|       |
---------
Making move level "easy"
---------
|   O   |
|   X   |
|       |
---------
Enter the coordinates:
?[1;31m
Start test 85?[0m
> start user easy
---------
|       |
|       |
|       |
---------
Enter the coordinates:
> 2 2
---------
|       |
|   X   |
|       |
---------
Making move level "easy"
---------
|     O |
|   X   |
|       |
---------
Enter the coordinates:
?[1;31m
Start test 86?[0m
> start user easy
---------
|       |
|       |
|       |
---------
Enter the coordinates:
> 2 2
---------
|       |
|   X   |
|       |
---------
Making move level "easy"
---------
|   O   |
|   X   |
|       |
---------
Enter the coordinates:
?[1;31m
Start test 87?[0m
> start user easy
---------
|       |
|       |
|       |
---------
Enter the coordinates:
> 2 2
---------
|       |
|   X   |
|       |
---------
Making move level "easy"
---------
|     O |
|   X   |
|       |
---------
Enter the coordinates:
?[1;31m
Start test 88?[0m
> start user easy
---------
|       |
|       |
|       |
---------
Enter the coordinates:
> 2 2
---------
|       |
|   X   |
|       |
---------
Making move level "easy"
---------
|       |
|   X   |
| O     |
---------
Enter the coordinates:
?[1;31m
Start test 89?[0m
> start user easy
---------
|       |
|       |
|       |
---------
Enter the coordinates:
> 2 2
---------
|       |
|   X   |
|       |
---------
Making move level "easy"
---------
| O     |
|   X   |
|       |
---------
Enter the coordinates:
?[1;31m
Start test 90?[0m
> start user easy
---------
|       |
|       |
|       |
---------
Enter the coordinates:
> 2 2
---------
|       |
|   X   |
|       |
---------
Making move level "easy"
---------
|       |
|   X   |
|     O |
---------
Enter the coordinates:
?[1;31m
Start test 91?[0m
> start user easy
---------
|       |
|       |
|       |
---------
Enter the coordinates:
> 2 2
---------
|       |
|   X   |
|       |
---------
Making move level "easy"
---------
|   O   |
|   X   |
|       |
---------
Enter the coordinates:
?[1;31m
Start test 92?[0m
> start user easy
---------
|       |
|       |
|       |
---------
Enter the coordinates:
> 2 2
---------
|       |
|   X   |
|       |
---------
Making move level "easy"
---------
| O     |
|   X   |
|       |
---------
Enter the coordinates:
?[1;31m
Start test 93?[0m
> start user easy
---------
|       |
|       |
|       |
---------
Enter the coordinates:
> 2 2
---------
|       |
|   X   |
|       |
---------
Making move level "easy"
---------
|       |
|   X   |
| O     |
---------
Enter the coordinates:
?[1;31m
Start test 94?[0m
> start user easy
---------
|       |
|       |
|       |
---------
Enter the coordinates:
> 2 2
---------
|       |
|   X   |
|       |
---------
Making move level "easy"
---------
|       |
|   X O |
|       |
---------
Enter the coordinates:
?[1;31m
Start test 95?[0m
> start user easy
---------
|       |
|       |
|       |
---------
Enter the coordinates:
> 2 2
---------
|       |
|   X   |
|       |
---------
Making move level "easy"
---------
|   O   |
|   X   |
|       |
---------
Enter the coordinates:
?[1;31m
Start test 96?[0m
> start user easy
---------
|       |
|       |
|       |
---------
Enter the coordinates:
> 2 2
---------
|       |
|   X   |
|       |
---------
Making move level "easy"
---------
|     O |
|   X   |
|       |
---------
Enter the coordinates:
?[1;31m
Start test 97?[0m
> start user easy
---------
|       |
|       |
|       |
---------
Enter the coordinates:
> 2 2
---------
|       |
|   X   |
|       |
---------
Making move level "easy"
---------
|       |
|   X   |
| O     |
---------
Enter the coordinates:
?[1;31m
Start test 98?[0m
> start user easy
---------
|       |
|       |
|       |
---------
Enter the coordinates:
> 2 2
---------
|       |
|   X   |
|       |
---------
Making move level "easy"
---------
|       |
| O X   |
|       |
---------
Enter the coordinates:
?[1;31m
Start test 99?[0m
> start user easy
---------
|       |
|       |
|       |
---------
Enter the coordinates:
> 2 2
---------
|       |
|   X   |
|       |
---------
Making move level "easy"
---------
| O     |
|   X   |
|       |
---------
Enter the coordinates:
?[1;31m
Start test 100?[0m
> start user easy
---------
|       |
|       |
|       |
---------
Enter the coordinates:
> 2 2
---------
|       |
|   X   |
|       |
---------
Making move level "easy"
---------
|     O |
|   X   |
|       |
---------
Enter the coordinates:
?[1;31m
Start test 101?[0m
> start user easy
---------
|       |
|       |
|       |
---------
Enter the coordinates:
> 2 2
---------
|       |
|   X   |
|       |
---------
Making move level "easy"
---------
| O     |
|   X   |
|       |
---------
Enter the coordinates:
?[1;31m
Start test 102?[0m
> start user easy
---------
|       |
|       |
|       |
---------
Enter the coordinates:
> 2 2
---------
|       |
|   X   |
|       |
---------
Making move level "easy"
---------
|     O |
|   X   |
|       |
---------
Enter the coordinates:
?[1;31m
Start test 103?[0m
?[1;31m
Start test 104?[0m
> start user easy
---------
|       |
|       |
|       |
---------
Enter the coordinates:
> 2 2
---------
|       |
|   X   |
|       |
---------
Making move level "easy"
---------
|       |
|   X O |
|       |
---------
Enter the coordinates:
> 1 1
---------
| X     |
|   X O |
|       |
---------
Making move level "easy"
---------
| X     |
|   X O |
|     O |
---------
Enter the coordinates:
?[1;31m
Start test 105?[0m
> start user easy
---------
|       |
|       |
|       |
---------
Enter the coordinates:
> 2 2
---------
|       |
|   X   |
|       |
---------
Making move level "easy"
---------
|   O   |
|   X   |
|       |
---------
Enter the coordinates:
> 1 1
---------
| X O   |
|   X   |
|       |
---------
Making move level "easy"
---------
| X O   |
|   X   |
|   O   |
---------
Enter the coordinates:
?[1;31m
Start test 106?[0m
?[1;31m
Start test 107?[0m
?[1;31m
Start test 108?[0m
?[1;31m
Start test 109?[0m
?[1;31m
Start test 110?[0m
?[1;31m
Start test 111?[0m
?[1;31m
Start test 112?[0m
?[1;31m
Start test 113?[0m
?[1;31m
Start test 114?[0m
?[1;31m
Start test 115?[0m
?[1;31m
Start test 116?[0m
?[1;31m
Start test 117?[0m
?[1;31m
Start test 118?[0m
?[1;31m
Start test 119?[0m
?[1;31m
Start test 120?[0m
?[1;31m
Start test 121?[0m
?[1;31m
Start test 122?[0m
?[1;31m
Start test 123?[0m
?[1;31m
Start test 124?[0m
?[1;31m
Start test 125?[0m
?[1;31m
Start test 126?[0m
?[1;31m
Start test 127?[0m
?[1;31m
Start test 128?[0m
?[1;31m
Start test 129?[0m
?[1;31m
Start test 130?[0m
?[1;31m
Start test 131?[0m
?[1;31m
Start test 132?[0m
?[1;31m
Start test 133?[0m
?[1;31m
Start test 134?[0m
?[1;31m
Start test 135?[0m
> start easy easy
---------
|       |
|       |
|       |
---------
Making move level "easy"
---------
|       |
|     X |
|       |
---------
Making move level "easy"
---------
|       |
|     X |
|   O   |
---------
Making move level "easy"
---------
| X     |
|     X |
|   O   |
---------
Making move level "easy"
---------
| X   O |
|     X |
|   O   |
---------
Making move level "easy"
---------
| X   O |
|     X |
| X O   |
---------
Making move level "easy"
---------
| X   O |
|   O X |
| X O   |
---------
Making move level "easy"
---------
| X   O |
| X O X |
| X O   |
---------
X wins
?[1;31m
Start test 136?[0m
> start user medium
---------
|       |
|       |
|       |
---------
Enter the coordinates:
> 2 2
---------
|       |
|   X   |
|       |
---------
Making move level "medium"
---------
|       |
|   X   |
|     O |
---------
Enter the coordinates:
> 1 3
---------
|     X |
|   X   |
|     O |
---------
Making move level "medium"
---------
|     X |
|   X   |
| O   O |
---------
Enter the coordinates:
?[1;31m
Start test 137?[0m
> start user medium
---------
|       |
|       |
|       |
---------
Enter the coordinates:
> 2 2
---------
|       |
|   X   |
|       |
---------
Making move level "medium"
---------
|       |
|   X O |
|       |
---------
Enter the coordinates:
> 1 1
---------
| X     |
|   X O |
|       |
---------
Making move level "medium"
---------
| X     |
|   X O |
|     O |
---------
Enter the coordinates:
?[1;31m
Start test 138?[0m
> start user medium
---------
|       |
|       |
|       |
---------
Enter the coordinates:
> 2 2
---------
|       |
|   X   |
|       |
---------
Making move level "medium"
---------
|       |
|   X   |
|     O |
---------
Enter the coordinates:
> 1 3
---------
|     X |
|   X   |
|     O |
---------
Making move level "medium"
---------
|     X |
|   X   |
| O   O |
---------
Enter the coordinates:
?[1;31m
Start test 139?[0m
> start user medium
---------
|       |
|       |
|       |
---------
Enter the coordinates:
> 2 2
---------
|       |
|   X   |
|       |
---------
Making move level "medium"
---------
|       |
|   X   |
|     O |
---------
Enter the coordinates:
> 1 3
---------
|     X |
|   X   |
|     O |
---------
Making move level "medium"
---------
|     X |
|   X   |
| O   O |
---------
Enter the coordinates:
?[1;31m
Start test 140?[0m
> start user medium
---------
|       |
|       |
|       |
---------
Enter the coordinates:
> 2 2
---------
|       |
|   X   |
|       |
---------
Making move level "medium"
---------
| O     |
|   X   |
|       |
---------
Enter the coordinates:
> 1 3
---------
| O   X |
|   X   |
|       |
---------
Making move level "medium"
---------
| O   X |
|   X   |
| O     |
---------
Enter the coordinates:
?[1;31m
Start test 141?[0m
> start user medium
---------
|       |
|       |
|       |
---------
Enter the coordinates:
> 2 2
---------
|       |
|   X   |
|       |
---------
Making move level "medium"
---------
| O     |
|   X   |
|       |
---------
Enter the coordinates:
> 1 3
---------
| O   X |
|   X   |
|       |
---------
Making move level "medium"
---------
| O   X |
|   X   |
| O     |
---------
Enter the coordinates:
?[1;31m
Start test 142?[0m
> start user medium
---------
|       |
|       |
|       |
---------
Enter the coordinates:
> 2 2
---------
|       |
|   X   |
|       |
---------
Making move level "medium"
---------
|   O   |
|   X   |
|       |
---------
Enter the coordinates:
> 1 1
---------
| X O   |
|   X   |
|       |
---------
Making move level "medium"
---------
| X O   |
|   X   |
|     O |
---------
Enter the coordinates:
?[1;31m
Start test 143?[0m
> start user medium
---------
|       |
|       |
|       |
---------
Enter the coordinates:
> 2 2
---------
|       |
|   X   |
|       |
---------
Making move level "medium"
---------
|     O |
|   X   |
|       |
---------
Enter the coordinates:
> 1 1
---------
| X   O |
|   X   |
|       |
---------
Making move level "medium"
---------
| X   O |
|   X   |
|     O |
---------
Enter the coordinates:
?[1;31m
Start test 144?[0m
> start user medium
---------
|       |
|       |
|       |
---------
Enter the coordinates:
> 2 2
---------
|       |
|   X   |
|       |
---------
Making move level "medium"
---------
|       |
|   X O |
|       |
---------
Enter the coordinates:
> 1 1
---------
| X     |
|   X O |
|       |
---------
Making move level "medium"
---------
| X     |
|   X O |
|     O |
---------
Enter the coordinates:
?[1;31m
Start test 145?[0m
> start user medium
---------
|       |
|       |
|       |
---------
Enter the coordinates:
> 2 2
---------
|       |
|   X   |
|       |
---------
Making move level "medium"
---------
|       |
|   X   |
|     O |
---------
Enter the coordinates:
> 1 3
---------
|     X |
|   X   |
|     O |
---------
Making move level "medium"
---------
|     X |
|   X   |
| O   O |
---------
Enter the coordinates:
?[1;31m
Start test 146?[0m
> start medium medium
---------
|       |
|       |
|       |
---------
Making move level "medium"
---------
|       |
|     X |
|       |
---------
Making move level "medium"
---------
|     O |
|     X |
|       |
---------
Making move level "medium"
---------
|   X O |
|     X |
|       |
---------
Making move level "medium"
---------
|   X O |
|     X |
|   O   |
---------
Making move level "medium"
---------
|   X O |
|     X |
|   O X |
---------
Making move level "medium"
---------
|   X O |
|   O X |
|   O X |
---------
Making move level "medium"
---------
|   X O |
|   O X |
| X O X |
---------
Making move level "medium"
---------
| O X O |
|   O X |
| X O X |
---------
Making move level "medium"
---------
| O X O |
| X O X |
| X O X |
---------
Draw
?[1;31m
Start test 147?[0m
> start medium medium
---------
|       |
|       |
|       |
---------
Making move level "medium"
---------
|       |
| X     |
|       |
---------
Making move level "medium"
---------
|   O   |
| X     |
|       |
---------
Making move level "medium"
---------
|   O   |
| X     |
|     X |
---------
Making move level "medium"
---------
|   O   |
| X     |
| O   X |
---------
Making move level "medium"
---------
| X O   |
| X     |
| O   X |
---------
Making move level "medium"
---------
| X O   |
| X O   |
| O   X |
---------
Making move level "medium"
---------
| X O   |
| X O   |
| O X X |
---------
Making move level "medium"
---------
| X O O |
| X O   |
| O X X |
---------
O wins
?[1;31m
Start test 148?[0m
> start medium medium
---------
|       |
|       |
|       |
---------
Making move level "medium"
---------
|       |
| X     |
|       |
---------
Making move level "medium"
---------
|     O |
| X     |
|       |
---------
Making move level "medium"
---------
| X   O |
| X     |
|       |
---------
Making move level "medium"
---------
| X   O |
| X     |
| O     |
---------
Making move level "medium"
---------
| X   O |
| X X   |
| O     |
---------
Making move level "medium"
---------
| X   O |
| X X O |
| O     |
---------
Making move level "medium"
---------
| X   O |
| X X O |
| O   X |
---------
X wins
?[1;31m
Start test 149?[0m
> start medium medium
---------
|       |
|       |
|       |
---------
Making move level "medium"
---------
|       |
|       |
|     X |
---------
Making move level "medium"
---------
|       |
|       |
|   O X |
---------
Making move level "medium"
---------
|       |
|       |
| X O X |
---------
Making move level "medium"
---------
|     O |
|       |
| X O X |
---------
Making move level "medium"
---------
|   X O |
|       |
| X O X |
---------
Making move level "medium"
---------
|   X O |
|   O   |
| X O X |
---------
Making move level "medium"
---------
|   X O |
| X O   |
| X O X |
---------
Making move level "medium"
---------
| O X O |
| X O   |
| X O X |
---------
Making move level "medium"
---------
| O X O |
| X O X |
| X O X |
---------
Draw
?[1;31m
Start test 150?[0m
> start medium medium
---------
|       |
|       |
|       |
---------
Making move level "medium"
---------
|       |
|   X   |
|       |
---------
Making move level "medium"
---------
|       |
|   X   |
|   O   |
---------
Making move level "medium"
---------
|     X |
|   X   |
|   O   |
---------
Making move level "medium"
---------
|     X |
|   X   |
| O O   |
---------
Making move level "medium"
---------
|     X |
|   X   |
| O O X |
---------
Making move level "medium"
---------
|     X |
|   X O |
| O O X |
---------
Making move level "medium"
---------
| X   X |
|   X O |
| O O X |
---------
X wins
?[1;31m
Start test 151?[0m
> start user medium
---------
|       |
|       |
|       |
---------
Enter the coordinates:
> 2 2
---------
|       |
|   X   |
|       |
---------
Making move level "medium"
---------
| O     |
|   X   |
|       |
---------
Enter the coordinates:
?[1;31m
Start test 152?[0m
> start user medium
---------
|       |
|       |
|       |
---------
Enter the coordinates:
> 2 2
---------
|       |
|   X   |
|       |
---------
Making move level "medium"
---------
|       |
|   X   |
| O     |
---------
Enter the coordinates:
?[1;31m
Start test 153?[0m
> start user medium
---------
|       |
|       |
|       |
---------
Enter the coordinates:
> 2 2
---------
|       |
|   X   |
|       |
---------
Making move level "medium"
---------
|     O |
|   X   |
|       |
---------
Enter the coordinates:
?[1;31m
Start test 154?[0m
> start user medium
---------
|       |
|       |
|       |
---------
Enter the coordinates:
> 2 2
---------
|       |
|   X   |
|       |
---------
Making move level "medium"
---------
|     O |
|   X   |
|       |
---------
Enter the coordinates:
?[1;31m
Start test 155?[0m
> start user medium
---------
|       |
|       |
|       |
---------
Enter the coordinates:
> 2 2
---------
|       |
|   X   |
|       |
---------
Making move level "medium"
---------
|       |
| O X   |
|       |
---------
Enter the coordinates:
?[1;31m
Start test 156?[0m
?[1;31m
Start test 157?[0m
?[1;31m
Start test 158?[0m
?[1;31m
Start test 159?[0m
?[1;31m
Start test 160?[0m
?[1;31m
Start test 161?[0m
?[1;31m
Start test 162?[0m
?[1;31m
Start test 163?[0m
?[1;31m
Start test 164?[0m
?[1;31m
Start test 165?[0m
?[1;31m
Start test 166?[0m
?[1;31m
Start test 167?[0m
?[1;31m
Start test 168?[0m
?[1;31m
Start test 169?[0m
?[1;31m
Start test 170?[0m
?[1;31m
Start test 171?[0m
?[1;31m
Start test 172?[0m
?[1;31m
Start test 173?[0m
?[1;31m
Start test 174?[0m
?[1;31m
Start test 175?[0m
?[1;31m
Start test 176?[0m
?[1;31m
Start test 177?[0m
?[1;31m
Start test 178?[0m
?[1;31m
Start test 179?[0m
?[1;31m
Start test 180?[0m
?[1;31m
Start test 181?[0m
?[1;31m
Start test 182?[0m
> start user hard
---------
|       |
|       |
|       |
---------
Enter the coordinates:
> 1 1
---------
| X     |
|       |
|       |
---------
Enter the coordinates:
]]></system-out>
  <system-err><![CDATA[]]></system-err>
</testsuite>
